Engine::processInputQuery: Input query (before preprocessing): 310 equations, 615 variables
Engine::processInputQuery: Input query (after preprocessing): 0 equations, 10 variables

Input bounds:
	x0: [  0.0569,   0.0569] [FIXED]
	x1: [  0.2808,   0.2808] [FIXED]
	x2: [  0.5030,   0.5030] [FIXED]
	x3: [  0.8072,   0.8072] [FIXED]
	x4: [  0.3704,   0.3704] [FIXED]

Academic license - for non-commercial use only - expires 2021-08-19

Engine::solve: Initial statistics

22:33:05 Statistics update:
	--- Time Statistics ---
	Total time elapsed: 72 milli (00:00:00)
		Main loop: 0 milli (00:00:00)
		Preprocessing time: 51 milli (00:00:00)
		Unknown: 21 milli (00:00:00)
	Breakdown for main loop:
		[0.00%] SMT core push: 0 milli
		[0.00%] SMT core pop: 0 milli
		[0.00%] Picking branching variable: 0 milli
		[0.00%] Simplex steps: 0 milli
		[0.00%] Adding constraints to lp solver: 21 milli.
		[0.00%] Checking quit condition: 0 milli
		[0.00%] Computing Heuristic cost: 0 milli.
		[0.00%] Updating Cost Function: 0 milli.
		[0.00%] Explicit-basis bound tightening: 0 milli
		[0.00%] Constraint-matrix bound tightening: 0 milli
		[0.00%] Symbolic Bound Tightening: 0 milli
		[0.00%] LP-based Bound Tightening: 0 milli
		[0.00%] Valid case splits: 0 milli.
		[0.00%] Collecting violated PlConstraints: 0 milli.
		[0.00%] Handling statistics: 0 milli.
		[0.00%] Unaccounted for: 0 milli
	--- Preprocessor Statistics ---
	Number of eliminated variables: 915
	Number of constraints removed due to variable elimination: 300
	Number of equations removed due to variable elimination: 0
	--- Engine Statistics ---
	Number of main loop iterations: 1
	Number of active piecewise-linear constraints: 0 / 0
	--- SmtCore Statistics ---
	Current depth is 0. Total visited states: 1. 
	--- Bound Tightening Statistics ---
		Number of added cost lemmas: 0.
		Number of explicit basis matrices examined by row tightener: 0. Consequent tightenings: 0
		Number of bound tightening rounds on the entire constraint matrix: 0. Consequent tightenings: 0(0.0 per millisecond).
		Number of Symbolic Bound Tightening Rounds: 1. Tightenings proposed: 0(0.0 per millisecond).
		Number of MILP  Bound Tightening Rounds: 0. Tightenings proposed: 0
	--- Simplex Statistics ---
	Number of Simplex steps performed: 0. 
	Number of Simplex calls: 0. 
	Current heuristic cost: 0.00.
	Flip proposed 0. Acceptance rate: 0 (0.00%). Flip rejected: 0. 

---

Engine::solve: sat assignment found

22:33:05 Statistics update:
	--- Time Statistics ---
	Total time elapsed: 77 milli (00:00:00)
		Main loop: 26 milli (00:00:00)
		Preprocessing time: 51 milli (00:00:00)
		Unknown: 0 milli (00:00:00)
	Breakdown for main loop:
		[0.00%] SMT core push: 0 milli
		[0.00%] SMT core pop: 0 milli
		[0.00%] Picking branching variable: 0 milli
		[0.56%] Simplex steps: 0 milli
		[81.16%] Adding constraints to lp solver: 21 milli.
		[0.00%] Checking quit condition: 0 milli
		[0.00%] Computing Heuristic cost: 0 milli.
		[0.00%] Updating Cost Function: 0 milli.
		[0.00%] Explicit-basis bound tightening: 0 milli
		[0.00%] Constraint-matrix bound tightening: 0 milli
		[18.19%] Symbolic Bound Tightening: 4 milli
		[0.00%] LP-based Bound Tightening: 0 milli
		[0.00%] Valid case splits: 0 milli.
		[0.00%] Collecting violated PlConstraints: 0 milli.
		[0.04%] Handling statistics: 0 milli.
		[0.05%] Unaccounted for: 0 milli
	--- Preprocessor Statistics ---
	Number of eliminated variables: 915
	Number of constraints removed due to variable elimination: 300
	Number of equations removed due to variable elimination: 0
	--- Engine Statistics ---
	Number of main loop iterations: 3
	Number of active piecewise-linear constraints: 0 / 0
	--- SmtCore Statistics ---
	Current depth is 0. Total visited states: 1. 
	--- Bound Tightening Statistics ---
		Number of added cost lemmas: 0.
		Number of explicit basis matrices examined by row tightener: 0. Consequent tightenings: 0
		Number of bound tightening rounds on the entire constraint matrix: 0. Consequent tightenings: 0(0.0 per millisecond).
		Number of Symbolic Bound Tightening Rounds: 2. Tightenings proposed: 0(0.0 per millisecond).
		Number of MILP  Bound Tightening Rounds: 0. Tightenings proposed: 0
	--- Simplex Statistics ---
	Number of Simplex steps performed: 0. 
	Number of Simplex calls: 1. 
	Current heuristic cost: 0.00.
	Flip proposed 0. Acceptance rate: 0 (0.00%). Flip rejected: 0. 
